\BOOKMARK [1][-]{Doc-Start}{\376\377\000E\000d\000u\000c\000a\000t\000i\000o\000n}{}% 1
\BOOKMARK [1][-]{table.1}{\376\377\000G\000r\000a\000n\000t\000s\000\040\000a\000n\000d\000\040\000F\000e\000l\000l\000o\000w\000s\000h\000i\000p\000s}{}% 2
\BOOKMARK [1][-]{table.2}{\376\377\000H\000o\000n\000o\000r\000s\000\040\000a\000n\000d\000\040\000A\000w\000a\000r\000d\000s}{}% 3
\BOOKMARK [1][-]{table.3}{\376\377\000P\000u\000b\000l\000i\000c\000a\000t\000i\000o\000n\000s}{}% 4
\BOOKMARK [2][-]{section*.1}{\376\377\000P\000e\000e\000r\000-\000R\000e\000v\000i\000e\000w\000e\000d\000\040\000P\000u\000b\000l\000i\000c\000a\000t\000i\000o\000n\000s}{table.3}% 5
\BOOKMARK [2][-]{section*.1}{\376\377\000B\000o\000o\000k\000\040\000C\000h\000a\000p\000t\000e\000r\000s}{table.3}% 6
\BOOKMARK [2][-]{section*.1}{\376\377\000O\000n\000l\000i\000n\000e\000\040\000P\000u\000b\000l\000i\000c\000a\000t\000i\000o\000n\000s}{table.3}% 7
\BOOKMARK [1][-]{section*.1}{\376\377\000P\000r\000e\000s\000e\000n\000t\000a\000t\000i\000o\000n\000s}{}% 8
\BOOKMARK [2][-]{section*.2}{\376\377\000S\000y\000m\000p\000o\000s\000i\000u\000m\000\040\000C\000o\000n\000t\000r\000i\000b\000u\000t\000i\000o\000n\000s}{section*.1}% 9
\BOOKMARK [2][-]{section*.2}{\376\377\000P\000o\000s\000t\000e\000r\000\040\000P\000r\000e\000s\000e\000n\000t\000a\000t\000i\000o\000n\000s}{section*.1}% 10
\BOOKMARK [1][-]{section*.2}{\376\377\000T\000e\000a\000c\000h\000i\000n\000g\000\040\000a\000n\000d\000\040\000M\000e\000n\000t\000o\000r\000i\000n\000g\000\040\000E\000x\000p\000e\000r\000i\000e\000n\000c\000e}{}% 11
\BOOKMARK [2][-]{section*.3}{\376\377\000T\000e\000a\000c\000h\000i\000n\000g}{section*.2}% 12
\BOOKMARK [2][-]{table.4}{\376\377\000M\000e\000n\000t\000o\000r\000i\000n\000g}{section*.2}% 13
\BOOKMARK [1][-]{table.5}{\376\377\000R\000e\000s\000e\000a\000r\000c\000h\000\040\000a\000n\000d\000\040\000P\000r\000o\000f\000e\000s\000s\000i\000o\000n\000a\000l\000\040\000E\000x\000p\000e\000r\000i\000e\000n\000c\000e}{}% 14
\BOOKMARK [2][-]{section*.4}{\376\377\000R\000e\000s\000e\000a\000r\000c\000h}{table.5}% 15
\BOOKMARK [2][-]{table.6}{\376\377\000C\000l\000i\000n\000i\000c\000a\000l\000\040\000E\000x\000p\000e\000r\000i\000e\000n\000c\000e}{table.5}% 16
\BOOKMARK [1][-]{table.7}{\376\377\000P\000r\000o\000f\000e\000s\000s\000i\000o\000n\000a\000l\000\040\000a\000n\000d\000\040\000D\000e\000p\000a\000r\000t\000m\000e\000n\000t\000a\000l\000\040\000S\000e\000r\000v\000i\000c\000e}{}% 17
\BOOKMARK [1][-]{table.8}{\376\377\000S\000k\000i\000l\000l\000s}{}% 18
\BOOKMARK [1][-]{table.9}{\376\377\000C\000e\000r\000t\000i\000f\000i\000c\000a\000t\000i\000o\000n\000s}{}% 19
\BOOKMARK [1][-]{table.10}{\376\377\000P\000r\000o\000f\000e\000s\000s\000i\000o\000n\000a\000l\000\040\000S\000o\000c\000i\000e\000t\000y\000\040\000A\000f\000f\000i\000l\000i\000a\000t\000i\000o\000n\000s}{}% 20
